2026-02-06 17:25:11,515 [INFO] Activator:176 - 


2026-02-06 17:25:11,516 [INFO] Activator:177 - !SESSION log4j initialized
2026-02-06 17:25:12,965 [ERROR] LogOutputStream:75 - [STDERR_REDIRECT] 
2026-02-06 17:25:15,261 [INFO] LogOutputStream:77 - [STDOUT_REDIRECT] 
2026-02-06 17:25:16,938 [INFO] ApplicationProperties:184 - Using Application install path: /Applications/STM32CubeIDE.app/Contents/Eclipse/plugins/com.st.stm32cube.common.mx_6.15.0.202507011659
2026-02-06 17:25:16,950 [INFO] DbMcusXml:78 - Set database path to: /Applications/STM32CubeIDE.app/Contents/Eclipse/plugins/com.st.stm32cube.common.mx_6.15.0.202507011659//db//mcu/
2026-02-06 17:25:16,950 [INFO] ApiDb:274 - Set plugin database path to: /Applications/STM32CubeIDE.app/Contents/Eclipse/plugins/com.st.stm32cube.common.mx_6.15.0.202507011659//db//plugins/boardmanager/
2026-02-06 17:25:16,950 [WARN] ApiDb:259 - Overriding images path with different value:  => /Applications/STM32CubeIDE.app/Contents/Eclipse/plugins/com.st.stm32cube.common.mx_6.15.0.202507011659//db//plugins/mcufinder/images/
2026-02-06 17:25:16,982 [INFO] ApiDb:250 - Set database path to: /Users/akshitgarg/.stmcufinder/plugins/mcufinder//mcu/
2026-02-06 17:25:16,983 [INFO] DbMcusAds:125 - Set database path to: /Users/akshitgarg/.stmcufinder/plugins/mcufinder//mcu/
2026-02-06 17:25:16,985 [INFO] CrossReferenceDbSqlite:203 - Set database path to: /Users/akshitgarg/.stmcufinder/plugins/mcufinder//mcu/cs/
2026-02-06 17:25:17,171 [INFO] RulesReader:64 - Compatibility file has been processed (317 Rules)
2026-02-06 17:25:17,236 [INFO] DbMcusXml:78 - Set database path to: /Applications/STM32CubeIDE.app/Contents/Eclipse/plugins/com.st.stm32cube.common.mx_6.15.0.202507011659//db//mcu/
2026-02-06 17:25:17,236 [INFO] ApiDb:274 - Set plugin database path to: /Applications/STM32CubeIDE.app/Contents/Eclipse/plugins/com.st.stm32cube.common.mx_6.15.0.202507011659//db//plugins/boardmanager/
2026-02-06 17:25:17,237 [INFO] ApiDb:261 - Set plugin images path to: /Applications/STM32CubeIDE.app/Contents/Eclipse/plugins/com.st.stm32cube.common.mx_6.15.0.202507011659//db//plugins/mcufinder/images/
2026-02-06 17:25:17,237 [WARN] DbFile:41 - Overriding database path with different value: /Users/akshitgarg/.stmcufinder/plugins/mcufinder/ => /Users/akshitgarg/.stmcufinder/plugins/mcufinder
2026-02-06 17:25:17,237 [INFO] ApiDb:250 - Set database path to: /Users/akshitgarg/.stmcufinder/plugins/mcufinder//mcu/
2026-02-06 17:25:17,237 [WARN] DbFile:41 - Overriding database path with different value: /Users/akshitgarg/.stmcufinder/plugins/mcufinder/ => /Users/akshitgarg/.stmcufinder/plugins/mcufinder
2026-02-06 17:25:17,237 [INFO] DbMcusAds:125 - Set database path to: /Users/akshitgarg/.stmcufinder/plugins/mcufinder//mcu/
2026-02-06 17:25:17,237 [WARN] DbFile:41 - Overriding database path with different value: /Users/akshitgarg/.stmcufinder/plugins/mcufinder/ => /Users/akshitgarg/.stmcufinder/plugins/mcufinder
2026-02-06 17:25:17,237 [WARN] DbFile:41 - Overriding database path with different value: /Users/akshitgarg/.stmcufinder/plugins/mcufinder/ => /Users/akshitgarg/.stmcufinder/plugins/mcufinder
2026-02-06 17:25:17,237 [INFO] CrossReferenceDbSqlite:203 - Set database path to: /Users/akshitgarg/.stmcufinder/plugins/mcufinder//mcu/cs/
2026-02-06 17:25:17,310 [INFO] MainPanel:274 - HeapMemory: 381681664
2026-02-06 17:25:17,706 [INFO] DbMcusXml:78 - Set database path to: /Applications/STM32CubeIDE.app/Contents/Eclipse/plugins/com.st.stm32cube.common.mx_6.15.0.202507011659//db//mcu/
2026-02-06 17:25:17,706 [INFO] ApiDb:274 - Set plugin database path to: /Applications/STM32CubeIDE.app/Contents/Eclipse/plugins/com.st.stm32cube.common.mx_6.15.0.202507011659//db//plugins/boardmanager/
2026-02-06 17:25:17,706 [INFO] ApiDb:261 - Set plugin images path to: /Applications/STM32CubeIDE.app/Contents/Eclipse/plugins/com.st.stm32cube.common.mx_6.15.0.202507011659//db//plugins/mcufinder/images/
2026-02-06 17:25:17,706 [WARN] DbFile:41 - Overriding database path with different value: /Users/akshitgarg/.stmcufinder/plugins/mcufinder/ => /Users/akshitgarg/.stmcufinder/plugins/mcufinder
2026-02-06 17:25:17,706 [INFO] ApiDb:250 - Set database path to: /Users/akshitgarg/.stmcufinder/plugins/mcufinder//mcu/
2026-02-06 17:25:17,706 [WARN] DbFile:41 - Overriding database path with different value: /Users/akshitgarg/.stmcufinder/plugins/mcufinder/ => /Users/akshitgarg/.stmcufinder/plugins/mcufinder
2026-02-06 17:25:17,706 [INFO] DbMcusAds:125 - Set database path to: /Users/akshitgarg/.stmcufinder/plugins/mcufinder//mcu/
2026-02-06 17:25:17,706 [WARN] DbFile:41 - Overriding database path with different value: /Users/akshitgarg/.stmcufinder/plugins/mcufinder/ => /Users/akshitgarg/.stmcufinder/plugins/mcufinder
2026-02-06 17:25:17,706 [WARN] DbFile:41 - Overriding database path with different value: /Users/akshitgarg/.stmcufinder/plugins/mcufinder/ => /Users/akshitgarg/.stmcufinder/plugins/mcufinder
2026-02-06 17:25:17,707 [INFO] CrossReferenceDbSqlite:203 - Set database path to: /Users/akshitgarg/.stmcufinder/plugins/mcufinder//mcu/cs/
2026-02-06 17:25:17,728 [INFO] ApplicationProperties:184 - Using Application install path: /Applications/STM32CubeIDE.app/Contents/Eclipse/plugins/com.st.stm32cube.common.mx_6.15.0.202507011659
2026-02-06 17:25:17,729 [INFO] PluginManage:196 - Search for loadable plugins [exclusion list=, ]
2026-02-06 17:25:17,731 [INFO] PluginManage:310 - Check plugin analytics
2026-02-06 17:25:18,431 [INFO] AnalyticsPlugin:253 - Accepted Software Licenses: 
2026-02-06 17:25:18,453 [INFO] AnalyticsPlugin:255 - Accepted CMSIS Pack Licenses: 
2026-02-06 17:25:18,462 [INFO] AnalyticsPlugin:257 - Accepted Firmware Licenses: FW.H7.1.11.0,FW.H7.1.12.0
2026-02-06 17:25:18,535 [INFO] PluginManage:359 - Loaded plugin analytics (category:tool,tabindex:-1)
2026-02-06 17:25:18,543 [INFO] PluginManage:310 - Check plugin cadmodel
2026-02-06 17:25:18,613 [INFO] CADModel:105 - Init CAD model plugin
2026-02-06 17:25:18,614 [INFO] PluginManage:359 - Loaded plugin cadmodel (category:power,tabindex:5)
2026-02-06 17:25:18,616 [INFO] PluginManage:310 - Check plugin clock
2026-02-06 17:25:18,633 [INFO] PluginManage:359 - Loaded plugin clock (category:base,tabindex:2)
2026-02-06 17:25:18,635 [INFO] PluginManage:310 - Check plugin ddr
2026-02-06 17:25:18,638 [INFO] PluginManage:359 - Loaded plugin ddr (category:tool,tabindex:6)
2026-02-06 17:25:18,639 [INFO] PluginManage:310 - Check plugin filemanager
2026-02-06 17:25:18,825 [INFO] PluginManage:359 - Loaded plugin filemanager (category:base,tabindex:10)
2026-02-06 17:25:18,826 [INFO] PluginManage:310 - Check plugin ipmanager
2026-02-06 17:25:18,838 [INFO] PluginManage:359 - Loaded plugin ipmanager (category:base,tabindex:5)
2026-02-06 17:25:18,839 [INFO] PluginManage:310 - Check plugin lpbam
2026-02-06 17:25:18,848 [INFO] PluginManage:359 - Loaded plugin lpbam (category:base,tabindex:0)
2026-02-06 17:25:18,849 [INFO] PluginManage:310 - Check plugin memorymap
2026-02-06 17:25:18,858 [INFO] PluginManage:359 - Loaded plugin memorymap (category:base,tabindex:4)
2026-02-06 17:25:18,859 [INFO] PluginManage:310 - Check plugin pinoutandconfiguration
2026-02-06 17:25:18,863 [INFO] PluginManage:359 - Loaded plugin pinoutandconfiguration (category:base,tabindex:1)
2026-02-06 17:25:18,864 [INFO] PluginManage:310 - Check plugin pinoutconfig
2026-02-06 17:25:18,942 [WARN] SupportedApi:132 - Cannot load RTOS API schema: s4s-elt-must-match.1: The content of 'definitions' must match (annotation?, (simpleType | complexType)?, (unique | key | keyref)*)). A problem was found starting at: attribute.
2026-02-06 17:25:19,105 [INFO] PluginManage:359 - Loaded plugin pinoutconfig (category:base,tabindex:0)
2026-02-06 17:25:19,106 [INFO] PluginManage:310 - Check plugin power
2026-02-06 17:25:19,113 [INFO] PluginManage:359 - Loaded plugin power (category:power,tabindex:4)
2026-02-06 17:25:19,114 [INFO] PluginManage:310 - Check plugin projectmanager
2026-02-06 17:25:19,140 [INFO] PluginManage:359 - Loaded plugin projectmanager (category:projectmanager,tabindex:4)
2026-02-06 17:25:19,140 [INFO] PluginManage:310 - Check plugin rif
2026-02-06 17:25:19,145 [INFO] PluginManage:359 - Loaded plugin rif (category:base,tabindex:3)
2026-02-06 17:25:19,145 [INFO] PluginManage:310 - Check plugin thirdparty
2026-02-06 17:25:19,301 [INFO] PluginManage:359 - Loaded plugin thirdparty (category:base,tabindex:-1)
2026-02-06 17:25:19,302 [INFO] PluginManage:310 - Check plugin tools
2026-02-06 17:25:19,301 [WARN] IntegrityCheckThread:84 - waiting for thirdparty lock release [integrity check]
2026-02-06 17:25:19,303 [INFO] IntegrityCheckThread:86 - entering critical section [integrity check]
2026-02-06 17:25:19,304 [INFO] ThirdPartyUpdaterWithRetryManager:70 - Updater plugin not ready yet. [1/15]
2026-02-06 17:25:19,306 [INFO] PluginManage:359 - Loaded plugin tools (category:base,tabindex:7)
2026-02-06 17:25:19,306 [INFO] PluginManage:310 - Check plugin tutovideos
2026-02-06 17:25:19,457 [INFO] PluginManage:359 - Loaded plugin tutovideos (category:base,tabindex:-1)
2026-02-06 17:25:19,457 [INFO] PluginManage:310 - Check plugin updater
2026-02-06 17:25:19,483 [INFO] PluginManage:359 - Loaded plugin updater (category:base,tabindex:12)
2026-02-06 17:25:19,483 [INFO] PluginManage:310 - Check plugin userauth
2026-02-06 17:25:19,486 [INFO] UserAuth:118 - Init User Auth plugin
2026-02-06 17:25:19,487 [INFO] PluginManage:359 - Loaded plugin userauth (category:base,tabindex:14)
2026-02-06 17:25:19,488 [INFO] PluginManage:283 - PluginManage : Loaded plugins [18]
2026-02-06 17:25:19,674 [INFO] PinOutPanel:1589 - setPackage(No Configuration,No Configuration)
2026-02-06 17:25:19,765 [INFO] CADModel:165 - CPN selected for project level
2026-02-06 17:25:19,765 [INFO] CADModel:114 - Register for checkConnection events
2026-02-06 17:25:19,775 [INFO] IPUIPlugin:80 - create IPUIPlugin
2026-02-06 17:25:19,775 [INFO] PluginManager:220 - loadIPPluginJar : add mdma
2026-02-06 17:25:19,779 [INFO] IPUIPlugin:80 - create IPUIPlugin
2026-02-06 17:25:19,779 [INFO] PluginManager:220 - loadIPPluginJar : add freertos
2026-02-06 17:25:19,781 [INFO] IPUIPlugin:80 - create IPUIPlugin
2026-02-06 17:25:19,782 [INFO] PluginManager:220 - loadIPPluginJar : add gic
2026-02-06 17:25:19,787 [INFO] IPUIPlugin:80 - create IPUIPlugin
2026-02-06 17:25:19,788 [INFO] PluginManager:220 - loadIPPluginJar : add adc
2026-02-06 17:25:19,789 [INFO] IPUIPlugin:80 - create IPUIPlugin
2026-02-06 17:25:19,789 [INFO] PluginManager:220 - loadIPPluginJar : add gtzc
2026-02-06 17:25:19,789 [INFO] IPUIPlugin:80 - create IPUIPlugin
2026-02-06 17:25:19,789 [INFO] PluginManager:220 - loadIPPluginJar : add quadspi
2026-02-06 17:25:19,790 [INFO] IPUIPlugin:80 - create IPUIPlugin
2026-02-06 17:25:19,790 [INFO] PluginManager:220 - loadIPPluginJar : add aes
2026-02-06 17:25:19,791 [INFO] IPUIPlugin:80 - create IPUIPlugin
2026-02-06 17:25:19,791 [INFO] PluginManager:220 - loadIPPluginJar : add pdm2pcm
2026-02-06 17:25:19,792 [INFO] IPUIPlugin:80 - create IPUIPlugin
2026-02-06 17:25:19,792 [INFO] PluginManager:220 - loadIPPluginJar : add hash
2026-02-06 17:25:19,793 [INFO] IPUIPlugin:80 - create IPUIPlugin
2026-02-06 17:25:19,793 [INFO] PluginManager:220 - loadIPPluginJar : add tim
2026-02-06 17:25:19,794 [INFO] IPUIPlugin:80 - create IPUIPlugin
2026-02-06 17:25:19,794 [INFO] PluginManager:220 - loadIPPluginJar : add tsc
2026-02-06 17:25:19,795 [INFO] IPUIPlugin:80 - create IPUIPlugin
2026-02-06 17:25:19,795 [INFO] PluginManager:220 - loadIPPluginJar : add extmemmanager
2026-02-06 17:25:19,796 [INFO] IPUIPlugin:80 - create IPUIPlugin
2026-02-06 17:25:19,796 [INFO] PluginManager:220 - loadIPPluginJar : add ts
2026-02-06 17:25:19,797 [INFO] IPUIPlugin:80 - create IPUIPlugin
2026-02-06 17:25:19,797 [INFO] PluginManager:220 - loadIPPluginJar : add radio
2026-02-06 17:25:19,798 [INFO] IPUIPlugin:80 - create IPUIPlugin
2026-02-06 17:25:19,798 [INFO] PluginManager:220 - loadIPPluginJar : add can
2026-02-06 17:25:19,799 [INFO] IPUIPlugin:80 - create IPUIPlugin
2026-02-06 17:25:19,799 [INFO] PluginManager:220 - loadIPPluginJar : add dma3
2026-02-06 17:25:19,800 [INFO] IPUIPlugin:80 - create IPUIPlugin
2026-02-06 17:25:19,800 [INFO] PluginManager:220 - loadIPPluginJar : add dfsdm
2026-02-06 17:25:19,801 [INFO] IPUIPlugin:80 - create IPUIPlugin
2026-02-06 17:25:19,801 [INFO] PluginManager:220 - loadIPPluginJar : add spi
2026-02-06 17:25:19,802 [INFO] IPUIPlugin:80 - create IPUIPlugin
2026-02-06 17:25:19,802 [INFO] PluginManager:220 - loadIPPluginJar : add gfxmmu
2026-02-06 17:25:19,803 [INFO] IPUIPlugin:80 - create IPUIPlugin
2026-02-06 17:25:19,804 [INFO] PluginManager:220 - loadIPPluginJar : add genericplugin
2026-02-06 17:25:19,805 [INFO] IPUIPlugin:80 - create IPUIPlugin
2026-02-06 17:25:19,805 [INFO] PluginManager:220 - loadIPPluginJar : add cryp
2026-02-06 17:25:19,808 [INFO] IPUIPlugin:80 - create IPUIPlugin
2026-02-06 17:25:19,808 [INFO] PluginManager:220 - loadIPPluginJar : add gpio
2026-02-06 17:25:19,810 [INFO] IPUIPlugin:80 - create IPUIPlugin
2026-02-06 17:25:19,810 [INFO] PluginManager:220 - loadIPPluginJar : add ddr_ctrl_phy
2026-02-06 17:25:19,811 [INFO] IPUIPlugin:80 - create IPUIPlugin
2026-02-06 17:25:19,811 [INFO] PluginManager:220 - loadIPPluginJar : add comp
2026-02-06 17:25:19,812 [INFO] IPUIPlugin:80 - create IPUIPlugin
2026-02-06 17:25:19,813 [INFO] PluginManager:220 - loadIPPluginJar : add tracer_emb
2026-02-06 17:25:19,815 [INFO] IPUIPlugin:80 - create IPUIPlugin
2026-02-06 17:25:19,815 [INFO] PluginManager:220 - loadIPPluginJar : add openamp
2026-02-06 17:25:19,818 [INFO] IPUIPlugin:80 - create IPUIPlugin
2026-02-06 17:25:19,818 [INFO] PluginManager:220 - loadIPPluginJar : add stm32_wpan
2026-02-06 17:25:19,821 [INFO] IPUIPlugin:80 - create IPUIPlugin
2026-02-06 17:25:19,823 [INFO] PluginManager:220 - loadIPPluginJar : add plateformsettings
2026-02-06 17:25:19,824 [INFO] IPUIPlugin:80 - create IPUIPlugin
2026-02-06 17:25:19,824 [INFO] PluginManager:220 - loadIPPluginJar : add ipddr
2026-02-06 17:25:19,825 [INFO] IPUIPlugin:80 - create IPUIPlugin
2026-02-06 17:25:19,825 [INFO] PluginManager:220 - loadIPPluginJar : add usart
2026-02-06 17:25:19,826 [INFO] IPUIPlugin:80 - create IPUIPlugin
2026-02-06 17:25:19,826 [INFO] PluginManager:220 - loadIPPluginJar : add ltdc
2026-02-06 17:25:19,827 [INFO] IPUIPlugin:80 - create IPUIPlugin
2026-02-06 17:25:19,827 [INFO] PluginManager:220 - loadIPPluginJar : add nvic
2026-02-06 17:25:19,828 [INFO] IPUIPlugin:80 - create IPUIPlugin
2026-02-06 17:25:19,828 [INFO] PluginManager:220 - loadIPPluginJar : add fatfs
2026-02-06 17:25:19,831 [INFO] IPUIPlugin:80 - create IPUIPlugin
2026-02-06 17:25:19,832 [INFO] PluginManager:220 - loadIPPluginJar : add linkedlist
2026-02-06 17:25:19,835 [INFO] IPUIPlugin:80 - create IPUIPlugin
2026-02-06 17:25:19,835 [INFO] PluginManager:220 - loadIPPluginJar : add dma
2026-02-06 17:25:19,838 [INFO] IPUIPlugin:80 - create IPUIPlugin
2026-02-06 17:25:19,838 [INFO] PluginManager:220 - loadIPPluginJar : add fmc
2026-02-06 17:25:19,840 [INFO] IPUIPlugin:80 - create IPUIPlugin
2026-02-06 17:25:19,840 [INFO] PluginManager:220 - loadIPPluginJar : add i2s
2026-02-06 17:25:19,842 [INFO] IPUIPlugin:80 - create IPUIPlugin
2026-02-06 17:25:19,843 [INFO] PluginManager:220 - loadIPPluginJar : add ucpd
2026-02-06 17:25:19,844 [INFO] IPUIPlugin:80 - create IPUIPlugin
2026-02-06 17:25:19,844 [INFO] PluginManager:220 - loadIPPluginJar : add lorawan
2026-02-06 17:25:19,845 [INFO] IPUIPlugin:80 - create IPUIPlugin
2026-02-06 17:25:19,846 [INFO] PluginManager:220 - loadIPPluginJar : add opamp
2026-02-06 17:25:19,847 [INFO] IPUIPlugin:80 - create IPUIPlugin
2026-02-06 17:25:19,847 [INFO] PluginManager:220 - loadIPPluginJar : add i3c
2026-02-06 17:25:19,848 [INFO] IPUIPlugin:80 - create IPUIPlugin
2026-02-06 17:25:19,848 [INFO] PluginManager:220 - loadIPPluginJar : add touchsensing
2026-02-06 17:25:19,850 [INFO] IPUIPlugin:80 - create IPUIPlugin
2026-02-06 17:25:19,850 [INFO] PluginManager:220 - loadIPPluginJar : add i2c
2026-02-06 17:25:19,852 [INFO] IPUIPlugin:80 - create IPUIPlugin
2026-02-06 17:25:19,852 [INFO] PluginManager:220 - loadIPPluginJar : add resmgrutility
2026-02-06 17:25:19,853 [INFO] IPUIPlugin:80 - create IPUIPlugin
2026-02-06 17:25:19,853 [INFO] PluginManager:220 - loadIPPluginJar : add sai
2026-02-06 17:25:19,854 [INFO] IPUIPlugin:80 - create IPUIPlugin
2026-02-06 17:25:19,855 [INFO] PluginManager:220 - loadIPPluginJar : add usbx
2026-02-06 17:25:19,968 [FATAL] Updater:351 - Updater called before beeing initialized
2026-02-06 17:25:20,022 [INFO] RulesReader:64 - Compatibility file has been processed (317 Rules)
2026-02-06 17:25:20,036 [INFO] RulesReader:64 - Compatibility file has been processed (317 Rules)
2026-02-06 17:25:20,043 [INFO] CADModel:165 - CPN selected for project level
2026-02-06 17:25:20,043 [INFO] CADModel:114 - Register for checkConnection events
2026-02-06 17:25:20,043 [FATAL] Updater:351 - Updater called before beeing initialized
2026-02-06 17:25:20,043 [ERROR] CADModel:125 - Updater not yet initialized, retry later 
2026-02-06 17:25:20,390 [FATAL] Updater:351 - Updater called before beeing initialized
2026-02-06 17:25:20,399 [INFO] CADModel:165 - CPN selected for project level
2026-02-06 17:25:20,400 [INFO] CADModel:114 - Register for checkConnection events
2026-02-06 17:25:20,400 [FATAL] Updater:351 - Updater called before beeing initialized
2026-02-06 17:25:20,400 [ERROR] CADModel:125 - Updater not yet initialized, retry later 
2026-02-06 17:25:20,405 [FATAL] Updater:351 - Updater called before beeing initialized
2026-02-06 17:25:20,664 [FATAL] Updater:351 - Updater called before beeing initialized
2026-02-06 17:25:20,675 [INFO] DbMcusAds:53 - JSON generation date=Thu Jan 08 10:57:51 EST 2026 (1767887871456)
2026-02-06 17:25:20,677 [FATAL] Updater:351 - Updater called before beeing initialized
2026-02-06 17:25:20,731 [WARN] DetailPanel:346 - Failed to get advertising image, set to default
2026-02-06 17:25:20,790 [FATAL] Updater:351 - Updater called before beeing initialized
2026-02-06 17:25:20,793 [FATAL] Updater:351 - Updater called before beeing initialized
2026-02-06 17:25:20,793 [FATAL] Updater:351 - Updater called before beeing initialized
2026-02-06 17:25:20,794 [WARN] DetailPanel:346 - Failed to get advertising image, set to default
2026-02-06 17:25:20,796 [FATAL] Updater:351 - Updater called before beeing initialized
2026-02-06 17:25:20,865 [ERROR] Updater:1198 - MainUpdater not yet initialized. External WinMGr cannot be set.
2026-02-06 17:25:20,878 [INFO] Updater:1134 - Updater Version found : 6.15.0
2026-02-06 17:25:20,890 [INFO] ApplicationProperties:184 - Using Application install path: /Applications/STM32CubeIDE.app/Contents/Eclipse/plugins/com.st.stm32cube.common.mx_6.15.0.202507011659
2026-02-06 17:25:21,278 [INFO] MainUpdater:2872 - connection check result : 10
2026-02-06 17:25:21,278 [INFO] MainUpdater:289 - Updater Check For Update Now.
2026-02-06 17:25:21,278 [INFO] MicroXplorer:498 - Change Database Version : DB.6.0.150
2026-02-06 17:25:21,284 [INFO] McuFinderGlobals:63 - Set McuFinder mode to 2 (CubeIDE integrated)
2026-02-06 17:25:21,285 [INFO] UserAuth:487 - Internet connection configuration mode: 1
2026-02-06 17:25:21,297 [INFO] JxBrowserEngine:152 - Initiate JxBrowser Engine with user profile folder
2026-02-06 17:25:21,526 [INFO] CheckServerUpdateThread:120 - End of CheckServer Thread
2026-02-06 17:25:22,517 [WARN] PackLoader:240 - Cannot read IP mode file for STMicroelectronics.FP-SNS-MOTENVWB1.1.4.0
2026-02-06 17:25:22,537 [WARN] PackLoader:240 - Cannot read IP mode file for STMicroelectronics.FP-ATR-ASTRA1.2.0.2
2026-02-06 17:25:22,546 [WARN] PackLoader:240 - Cannot read IP mode file for STMicroelectronics.FP-ATR-ASTRA1.2.0.1
2026-02-06 17:25:22,559 [WARN] PackLoader:240 - Cannot read IP mode file for STMicroelectronics.X-CUBE-SMBUS.2.1.0
2026-02-06 17:25:22,566 [WARN] PackLoader:240 - Cannot read IP mode file for STMicroelectronics.X-CUBE-WB05N.1.1.0
2026-02-06 17:25:22,571 [WARN] PackLoader:240 - Cannot read IP mode file for STMicroelectronics.X-CUBE-ST60.1.0.0
2026-02-06 17:25:22,619 [WARN] PackLoader:240 - Cannot read IP mode file for STMicroelectronics.X-CUBE-AZRTOS-F7.1.1.0
2026-02-06 17:25:22,662 [WARN] PackLoader:240 - Cannot read IP mode file for STMicroelectronics.FP-SNS-MOTENV1.5.1.0
2026-02-06 17:25:22,671 [WARN] PackLoader:240 - Cannot read IP mode file for STMicroelectronics.FP-SNS-FLIGHT1.5.0.2
2026-02-06 17:25:22,705 [WARN] PackLoader:240 - Cannot read IP mode file for Infineon.AIROC-Wi-Fi-Bluetooth-STM32.1.7.0
2026-02-06 17:25:22,762 [WARN] PackLoader:240 - Cannot read IP mode file for STMicroelectronics.X-CUBE-AZRTOS-H7.3.4.0
2026-02-06 17:25:22,790 [WARN] PackLoader:240 - Cannot read IP mode file for STMicroelectronics.X-CUBE-DISPLAY.3.0.0
2026-02-06 17:25:22,808 [WARN] PackLoader:240 - Cannot read IP mode file for STMicroelectronics.X-CUBE-BLE1.7.0.0
2026-02-06 17:25:22,820 [WARN] PackLoader:240 - Cannot read IP mode file for STMicroelectronics.X-CUBE-NFC10.1.0.0
2026-02-06 17:25:22,837 [WARN] PackLoader:240 - Cannot read IP mode file for STMicroelectronics.X-CUBE-BLEMGR.4.0.0
2026-02-06 17:25:22,862 [WARN] PackLoader:240 - Cannot read IP mode file for STMicroelectronics.X-CUBE-ST60.1.1.0
2026-02-06 17:25:22,871 [WARN] PackLoader:240 - Cannot read IP mode file for emotas.I-CUBE-CANOPEN.1.3.0
2026-02-06 17:25:22,883 [WARN] PackLoader:240 - Cannot read IP mode file for STMicroelectronics.X-CUBE-GNSS1.7.1.0
2026-02-06 17:25:22,889 [WARN] PackLoader:240 - Cannot read IP mode file for STMicroelectronics.X-CUBE-AI.10.0.0
2026-02-06 17:25:22,898 [WARN] PackLoader:240 - Cannot read IP mode file for STMicroelectronics.FP-SNS-STBOX1.2.1.0
2026-02-06 17:25:22,906 [WARN] PackLoader:240 - Cannot read IP mode file for STMicroelectronics.FP-SNS-SMARTAG2.1.2.0
2026-02-06 17:25:22,910 [WARN] PackLoader:240 - Cannot read IP mode file for STMicroelectronics.FP-SNS-FLIGHT1.5.1.0
2026-02-06 17:25:22,989 [WARN] PackLoader:240 - Cannot read IP mode file for STMicroelectronics.X-CUBE-MEMS1.11.1.0
2026-02-06 17:25:23,098 [INFO] LogOutputStream:77 - [STDOUT_REDIRECT] 1 : Invalid condition id : UX_CORESTACK_Condition cause : null
2026-02-06 17:25:23,100 [INFO] LogOutputStream:77 - [STDOUT_REDIRECT] 1 : Invalid condition id : UX_CORESTACK_Condition cause : null
2026-02-06 17:25:23,101 [INFO] LogOutputStream:77 - [STDOUT_REDIRECT] 1 : Invalid condition id : UX_CORESTACK_Condition cause : null
2026-02-06 17:25:23,101 [INFO] LogOutputStream:77 - [STDOUT_REDIRECT] 1 : Invalid condition id : UX_CORESTACK_Condition cause : null
2026-02-06 17:25:23,101 [INFO] LogOutputStream:77 - [STDOUT_REDIRECT] 1 : Invalid condition id : UX_CORESTACK_Condition cause : null
2026-02-06 17:25:23,106 [WARN] PackLoader:240 - Cannot read IP mode file for STMicroelectronics.X-CUBE-AZRTOS-WL.2.0.0
2026-02-06 17:25:23,112 [WARN] PackLoader:240 - Cannot read IP mode file for STMicroelectronics.FP-SNS-MOTENV1.5.0.0
2026-02-06 17:25:23,134 [WARN] PackLoader:240 - Cannot read IP mode file for STMicroelectronics.X-CUBE-AZRTOS-H7RS.1.2.0
2026-02-06 17:25:23,145 [WARN] PackLoader:240 - Cannot read IP mode file for wolfSSL.I-CUBE-wolfMQTT.1.19.0
2026-02-06 17:25:23,153 [WARN] PackLoader:240 - Cannot read IP mode file for WES.I-CUBE-Cesium.1.3.0
2026-02-06 17:25:23,161 [WARN] PackLoader:240 - Cannot read IP mode file for STMicroelectronics.X-CUBE-BLE2.3.3.0
2026-02-06 17:25:23,185 [WARN] PackLoader:240 - Cannot read IP mode file for STMicroelectronics.X-CUBE-NFC9.1.0.0
2026-02-06 17:25:23,197 [WARN] PackLoader:240 - Cannot read IP mode file for STMicroelectronics.X-CUBE-BLE1.7.1.0
2026-02-06 17:25:23,204 [WARN] PackLoader:240 - Cannot read IP mode file for STMicroelectronics.X-CUBE-FREERTOS.1.4.0
2026-02-06 17:25:23,214 [WARN] PackLoader:240 - Cannot read IP mode file for STMicroelectronics.X-CUBE-EEPRMA1.5.2.0
2026-02-06 17:25:23,224 [WARN] PackLoader:240 - Cannot read IP mode file for STMicroelectronics.X-CUBE-ST67W61.1.1.0
2026-02-06 17:25:23,311 [WARN] PackLoader:240 - Cannot read IP mode file for STMicroelectronics.X-CUBE-MEMS1.12.0.0
2026-02-06 17:25:23,439 [WARN] PackLoader:240 - Cannot read IP mode file for STMicroelectronics.X-CUBE-MEMS1.11.2.0
2026-02-06 17:25:23,522 [WARN] PackLoader:240 - Cannot read IP mode file for STMicroelectronics.X-CUBE-AZRTOS-G0.1.1.0
2026-02-06 17:25:23,534 [WARN] PackLoader:240 - Cannot read IP mode file for STMicroelectronics.X-CUBE-SAFEA1.1.2.2
2026-02-06 17:25:23,541 [WARN] PackLoader:240 - Cannot read IP mode file for STMicroelectronics.X-CUBE-NFC4.3.0.0
2026-02-06 17:25:23,558 [WARN] PackLoader:240 - Cannot read IP mode file for EmbeddedOffice.I-CUBE-FS-RTOS.1.0.1
2026-02-06 17:25:23,581 [WARN] PackLoader:240 - Cannot read IP mode file for STMicroelectronics.X-CUBE-WB05N.2.0.0
2026-02-06 17:25:23,606 [WARN] PackLoader:240 - Cannot read IP mode file for STMicroelectronics.X-CUBE-TCPP.4.2.0
2026-02-06 17:25:23,629 [WARN] PackLoader:240 - Cannot read IP mode file for RealThread.X-CUBE-RT-Thread_Nano.4.1.1
2026-02-06 17:25:23,642 [WARN] PackLoader:240 - Cannot read IP mode file for STMicroelectronics.FP-ATR-SIGFOX1.3.2.0
2026-02-06 17:25:23,650 [WARN] ConditionMgr:438 - getConditionDescription Invalid condition id : Cortex-A Device cause : null
2026-02-06 17:25:23,668 [WARN] ConditionMgr:1044 - genDependencies : Invalid condition id : Cortex-A Device cause : null
2026-02-06 17:25:23,669 [WARN] ConditionMgr:1044 - genDependencies : Invalid condition id : Cortex-A Device cause : null
2026-02-06 17:25:23,669 [WARN] ConditionMgr:1044 - genDependencies : Invalid condition id : Cortex-A Device cause : null
2026-02-06 17:25:23,688 [WARN] PackLoader:240 - Cannot read IP mode file for STMicroelectronics.X-CUBE-EEPRMA1.5.1.0
2026-02-06 17:25:23,700 [WARN] PackLoader:240 - Cannot read IP mode file for wolfSSL.I-CUBE-wolfSSL.5.7.6
2026-02-06 17:25:23,715 [WARN] PackLoader:240 - Cannot read IP mode file for ITTIA_DB.I-CUBE-ITTIADB.8.9.0
2026-02-06 17:25:23,729 [WARN] PackLoader:240 - Cannot read IP mode file for STMicroelectronics.X-CUBE-NFC6.3.2.0
2026-02-06 17:25:23,741 [WARN] PackLoader:240 - Cannot read IP mode file for STMicroelectronics.X-CUBE-ST67W61.1.0.0
2026-02-06 17:25:23,757 [WARN] PackLoader:240 - Cannot read IP mode file for STMicroelectronics.X-CUBE-AI.10.2.0
2026-02-06 17:25:23,915 [WARN] PackLoader:240 - Cannot read IP mode file for SEGGER.I-CUBE-embOS.1.3.1
2026-02-06 17:25:24,069 [WARN] PackLoader:240 - Cannot read IP mode file for STMicroelectronics.X-CUBE-ALGOBUILD.1.4.0
2026-02-06 17:25:24,157 [WARN] PackLoader:240 - Cannot read IP mode file for STMicroelectronics.X-CUBE-MEMS1.11.3.0
2026-02-06 17:25:24,220 [WARN] PackLoader:240 - Cannot read IP mode file for STMicroelectronics.X-CUBE-PM33A1.1.0.0
2026-02-06 17:25:24,238 [WARN] PackLoader:240 - Cannot read IP mode file for STMicroelectronics.X-CUBE-AZRTOS-F4.1.1.0
2026-02-06 17:25:24,252 [WARN] PackLoader:240 - Cannot read IP mode file for Avnet-IotConnect.X-CUBE-IoTC-DA16k-PMOD.1.0.0
2026-02-06 17:25:24,264 [WARN] PackLoader:240 - Cannot read IP mode file for STMicroelectronics.X-CUBE-ISPU.2.1.0
2026-02-06 17:25:24,277 [WARN] PackLoader:240 - Cannot read IP mode file for STMicroelectronics.X-CUBE-IPS.3.2.0
2026-02-06 17:25:24,291 [WARN] PackLoader:240 - Cannot read IP mode file for STMicroelectronics.X-CUBE-NFC12.1.0.0
2026-02-06 17:25:24,318 [WARN] PackLoader:240 - Cannot read IP mode file for STMicroelectronics.X-CUBE-AZRTOS-L5.2.0.0
2026-02-06 17:25:24,343 [WARN] PackLoader:240 - Cannot read IP mode file for STMicroelectronics.X-CUBE-NFC6.3.1.0
2026-02-06 17:25:24,352 [WARN] PackLoader:240 - Cannot read IP mode file for STMicroelectronics.X-CUBE-DPower.1.2.0
2026-02-06 17:25:24,361 [WARN] PackLoader:240 - Cannot read IP mode file for STMicroelectronics.X-CUBE-FREERTOS.1.3.1
2026-02-06 17:25:24,365 [WARN] PackLoader:240 - Cannot read IP mode file for STMicroelectronics.X-CUBE-FREERTOS.1.3.0
2026-02-06 17:25:24,368 [WARN] PackLoader:240 - Cannot read IP mode file for STMicroelectronics.X-CUBE-NFC7.1.0.1
2026-02-06 17:25:24,387 [WARN] PackLoader:240 - Cannot read IP mode file for STMicroelectronics.X-CUBE-TOUCHGFX.4.26.0
2026-02-06 17:25:24,393 [WARN] PackLoader:240 - Cannot read IP mode file for STMicroelectronics.FP-SNS-STAIOTCFT.1.0.0
2026-02-06 17:25:24,397 [WARN] PackLoader:240 - Cannot read IP mode file for STMicroelectronics.X-CUBE-DPower.1.3.0
2026-02-06 17:25:24,415 [WARN] ConditionMgr:438 - getConditionDescription Invalid condition id : LAN8742 Phy interface Condition cause : null
2026-02-06 17:25:24,416 [WARN] PackLoader:240 - Cannot read IP mode file for STMicroelectronics.X-CUBE-AZRTOS-L4.2.0.0
2026-02-06 17:25:24,418 [WARN] ConditionMgr:1044 - genDependencies : Invalid condition id : LAN8742 Phy interface Condition cause : null
2026-02-06 17:25:24,419 [WARN] ConditionMgr:1044 - genDependencies : Invalid condition id : LAN8742 Phy interface Condition cause : null
2026-02-06 17:25:24,419 [WARN] ConditionMgr:1044 - genDependencies : Invalid condition id : LAN8742 Phy interface Condition cause : null
2026-02-06 17:25:24,425 [WARN] PackLoader:240 - Cannot read IP mode file for STMicroelectronics.X-CUBE-SFXS2LP1.4.0.0
2026-02-06 17:25:24,431 [WARN] PackLoader:240 - Cannot read IP mode file for STMicroelectronics.X-CUBE-ST67W61.1.2.0
2026-02-06 17:25:24,452 [WARN] PackLoader:240 - Cannot read IP mode file for STMicroelectronics.X-CUBE-AZRTOS-H7.3.3.0
2026-02-06 17:25:24,470 [WARN] PackLoader:240 - Cannot read IP mode file for STMicroelectronics.X-CUBE-BLEMGR.4.1.0
2026-02-06 17:25:24,485 [WARN] ConditionMgr:438 - getConditionDescription Invalid condition id : UX DEVICE CLASS RTOS Condition cause : null
2026-02-06 17:25:24,486 [WARN] ConditionMgr:438 - getConditionDescription Invalid condition id : UX DEVICE CLASS RTOS Condition cause : null
2026-02-06 17:25:24,489 [WARN] PackLoader:240 - Cannot read IP mode file for STMicroelectronics.X-CUBE-AZRTOS-WB.2.0.0
2026-02-06 17:25:24,490 [WARN] ConditionMgr:1044 - genDependencies : Invalid condition id : UX DEVICE CLASS RTOS Condition cause : null
2026-02-06 17:25:24,490 [WARN] ConditionMgr:1044 - genDependencies : Invalid condition id : UX DEVICE CLASS RTOS Condition cause : null
2026-02-06 17:25:24,490 [WARN] ConditionMgr:1044 - genDependencies : Invalid condition id : UX DEVICE CLASS RTOS Condition cause : null
2026-02-06 17:25:24,491 [WARN] ConditionMgr:1044 - genDependencies : Invalid condition id : UX DEVICE CLASS RTOS Condition cause : null
2026-02-06 17:25:24,491 [WARN] ConditionMgr:1044 - genDependencies : Invalid condition id : UX DEVICE CLASS RTOS Condition cause : null
2026-02-06 17:25:24,496 [WARN] PackLoader:240 - Cannot read IP mode file for STMicroelectronics.X-CUBE-GNSS1.7.0.1
2026-02-06 17:25:24,518 [WARN] PackLoader:240 - Cannot read IP mode file for STMicroelectronics.X-CUBE-TOUCHGFX.4.25.0
2026-02-06 17:25:24,524 [WARN] PackLoader:240 - Cannot read IP mode file for STMicroelectronics.FP-SNS-STBOX1.2.0.0
2026-02-06 17:25:24,532 [WARN] PackLoader:240 - Cannot read IP mode file for STMicroelectronics.X-CUBE-STSE01.2.0.0
2026-02-06 17:25:24,553 [WARN] PackLoader:240 - Cannot read IP mode file for STMicroelectronics.X-CUBE-SUBG2.5.0.0
2026-02-06 17:25:24,592 [WARN] PackLoader:240 - Cannot read IP mode file for STMicroelectronics.X-CUBE-AZRTOS-H7RS.1.1.0
2026-02-06 17:25:24,601 [WARN] PackLoader:240 - Cannot read IP mode file for Cesanta.I-CUBE-Mongoose.7.13.0
2026-02-06 17:25:24,616 [WARN] PackLoader:240 - Cannot read IP mode file for STMicroelectronics.X-CUBE-AZRTOS-G4.2.0.0
2026-02-06 17:25:24,633 [WARN] PackLoader:240 - Cannot read IP mode file for STMicroelectronics.X-CUBE-NFC7.2.0.0
2026-02-06 17:25:24,644 [WARN] PackLoader:240 - Cannot read IP mode file for STMicroelectronics.X-CUBE-IPS.3.1.0
2026-02-06 17:25:24,658 [WARN] PackLoader:240 - Cannot read IP mode file for STMicroelectronics.X-CUBE-ALS.1.0.2
2026-02-06 17:25:24,662 [WARN] PackLoader:240 - Cannot read IP mode file for STMicroelectronics.X-CUBE-TOUCHGFX.4.24.2
2026-02-06 17:25:24,669 [WARN] PackLoader:240 - Cannot read IP mode file for STMicroelectronics.X-CUBE-STSE01.1.0.0
2026-02-06 17:25:24,673 [WARN] PackLoader:240 - Cannot read IP mode file for wolfSSL.I-CUBE-wolfTPM.3.4.0
2026-02-06 17:25:24,678 [WARN] PackLoader:240 - Cannot read IP mode file for portGmbH.I-Cube-SoM-uGOAL.1.1.0
2026-02-06 17:25:24,703 [WARN] PackLoader:240 - Cannot read IP mode file for STMicroelectronics.X-CUBE-AZRTOS-H7RS.1.0.0
2026-02-06 17:25:24,717 [WARN] PackLoader:240 - Cannot read IP mode file for STMicroelectronics.X-CUBE-TOF1.3.4.2
2026-02-06 17:25:24,734 [WARN] PackLoader:240 - Cannot read IP mode file for STMicroelectronics.X-CUBE-TOF1.3.4.3
2026-02-06 17:25:24,742 [WARN] PackLoader:240 - Cannot read IP mode file for wolfSSL.I-CUBE-wolfSSH.1.4.17
2026-02-06 17:25:24,756 [INFO] ThirdParty:978 - Integrity check success = true
2026-02-06 17:25:24,756 [INFO] IntegrityCheckThread:100 - exiting critical section [integrity check]
2026-02-06 17:25:24,756 [INFO] IntegrityCheckThread:103 - End integrity checks thread
2026-02-06 17:25:25,691 [INFO] WebApp:169 - Instantiating new browser for Auth
2026-02-06 17:25:27,099 [INFO] WebApp:463 - Apply proxy settings
2026-02-06 17:25:27,122 [INFO] WebApp:508 - Chromium authenticates against Manually configured proxy
2026-02-06 17:25:27,134 [INFO] WebApp:516 - Username used for proxy authentication: 
2026-02-06 17:25:27,173 [INFO] WebApp:900 - Register for checkConnection events
2026-02-06 17:25:27,174 [INFO] WebApp:463 - Apply proxy settings
2026-02-06 17:25:27,179 [INFO] WebApp:508 - Chromium authenticates against Manually configured proxy
2026-02-06 17:25:27,179 [INFO] WebApp:516 - Username used for proxy authentication: 
2026-02-06 17:25:27,331 [INFO] WebApp:225 - Starting web application
2026-02-06 17:25:27,332 [INFO] WebApp:593 - Web application path used /Applications/STM32CubeIDE.app/Contents/Eclipse/plugins/com.st.stm32cube.common.mx_6.15.0.202507011659/db/plugins/mcufinder/reactClient1/index.html
2026-02-06 17:25:27,699 [INFO] WebApp:191 - Connection restablished
2026-02-06 17:25:28,031 [INFO] UserAuth:487 - Internet connection configuration mode: 1
